2017-08-31 11:23:18,092 - main - INFO - <type 'list'>
2017-08-31 11:23:18,369 - main - INFO - Found 2170 unique tokens.
2017-08-31 11:23:18,381 - main - INFO - Shape of data tensor: (53, 300)
2017-08-31 11:23:18,381 - main - INFO - Shape of label tensor: (53, 2)
2017-08-31 11:23:18,382 - main - INFO - [[   0    0    0 ...,  830   34  224]
 [   0    0    0 ...,   36  237  180]
 [   0    0    0 ...,  143 1365 2037]
 ..., 
 [   0    0    0 ...,   12   72  228]
 [   0    0    0 ...,  321   25  778]
 [   0    0    0 ...,   14   27   11]]
2017-08-31 11:23:18,384 - main - INFO - [[ 0.  1.]
 [ 0.  1.]
 [ 0.  1.]
 [ 0.  1.]
 [ 0.  1.]
 [ 0.  1.]
 [ 0.  1.]
 [ 0.  1.]
 [ 0.  1.]
 [ 0.  1.]
 [ 0.  1.]
 [ 0.  1.]
 [ 0.  1.]
 [ 0.  1.]
 [ 0.  1.]
 [ 0.  1.]
 [ 0.  1.]
 [ 0.  1.]
 [ 0.  1.]
 [ 0.  1.]
 [ 0.  1.]
 [ 0.  1.]
 [ 0.  1.]
 [ 0.  1.]
 [ 0.  1.]
 [ 0.  1.]
 [ 0.  1.]
 [ 0.  1.]
 [ 0.  1.]
 [ 0.  1.]
 [ 0.  1.]
 [ 0.  1.]
 [ 0.  1.]
 [ 0.  1.]
 [ 0.  1.]
 [ 0.  1.]
 [ 0.  1.]
 [ 1.  0.]
 [ 0.  1.]
 [ 0.  1.]
 [ 0.  1.]
 [ 0.  1.]
 [ 0.  1.]
 [ 0.  1.]
 [ 0.  1.]
 [ 0.  1.]
 [ 0.  1.]
 [ 0.  1.]
 [ 0.  1.]
 [ 1.  0.]
 [ 0.  1.]
 [ 0.  1.]
 [ 0.  1.]]
2017-08-31 11:23:18,384 - main - INFO - [[   0    0    0 ...,   38   39   30]
 [   0    0    0 ...,    3   12 1108]
 [   0    0    0 ...,    3   12 1108]
 ..., 
 [   0    0    0 ...,  216 1772 1773]
 [   0    0    0 ...,  274   18    6]
 [   0    0    0 ...,  216 1772 1773]]
2017-08-31 11:23:18,385 - main - INFO - [1, 1, 1, 1, 1, 1, -1, 1, 1, 1, 1, -1, -1, -1, -1, -1, -1, -1, -1, -1, -1, -1, -1, -1, -1, -1, -1, -1, -1, -1, 1, 1, 1, 1, 1, 1, 1, 1, 1, 1, 1, 1, 1, 1, 1, 1, -1, -1, -1, -1, -1, -1, -1, 1, 1, 1, 1, -1, 1, 1, 1, 1, 1, -1, 1, 1, 1, 1, 1, 1, 1, -1, -1, -1, -1, -1, -1, -1, -1, -1, -1, -1, -1, -1, -1, -1, -1, -1, -1, -1, -1, -1, -1, -1, -1, -1, -1, -1, -1, -1, -1, 1, 1, 1, -1, -1, 1, 1, -1, -1, 1, -1, -1, -1, -1, 1, -1, -1, -1, -1, 1, -1, -1, -1, -1, -1, -1, -1, -1, -1, -1, -1, -1, -1, -1, -1, -1, -1, -1, -1, -1, -1, -1, -1, 0, 1, 0, -1, -1, -1, -1, -1, -1, -1, -1, -1, -1, -1, -1, -1, -1, -1, -1, -1, -1, -1, -1, -1, -1, -1, -1, -1, -1, -1, -1, -1, -1, -1, -1, -1]
2017-08-31 12:50:52,331 - main - INFO - load data
2017-08-31 12:50:52,332 - main - INFO - /home/apple/best/data/middle_files/entity_info
2017-08-31 12:50:54,728 - main - INFO - size: 27237
2017-08-31 12:50:54,729 - main - INFO - senlen: [(4, 4449), (3, 4195), (5, 3822), (6, 3171), (2, 2635), (7, 2524), (8, 1816), (9, 1217), (1, 1213), (10, 738), (11, 430), (12, 222), (0, 192), (13, 146), (14, 120), (24, 103), (25, 102), (28, 56), (15, 42), (18, 32), (17, 4), (26, 3), (19, 2), (23, 2), (30, 1)]
2017-08-31 12:50:54,729 - main - INFO - /home/apple/best/data/middle_files/relation_info
2017-08-31 12:50:58,399 - main - INFO - size: 4216
2017-08-31 12:50:58,400 - main - INFO - senlen: [(4, 644), (5, 568), (6, 563), (3, 527), (7, 453), (8, 388), (2, 301), (9, 233), (10, 154), (1, 137), (11, 88), (12, 39), (25, 24), (24, 21), (13, 17), (14, 16), (28, 13), (0, 12), (15, 9), (18, 7), (17, 1), (26, 1)]
2017-08-31 12:50:58,400 - main - INFO - /home/apple/best/data/middle_files/event_info
2017-08-31 12:51:02,932 - main - INFO - size: 4729
2017-08-31 12:51:02,932 - main - INFO - senlen: [(4, 719), (5, 707), (3, 655), (6, 626), (7, 497), (2, 366), (8, 350), (9, 206), (1, 178), (10, 152), (11, 98), (12, 38), (14, 27), (25, 25), (15, 19), (24, 18), (0, 16), (13, 16), (18, 6), (28, 6), (26, 2), (17, 1), (19, 1)]
2017-08-31 12:51:02,932 - main - INFO - label: 36182   text: 36182
2017-08-31 12:51:03,402 - main - INFO - <type 'list'>
2017-08-31 12:51:03,647 - main - INFO - Found 2170 unique tokens.
2017-08-31 12:51:03,660 - main - INFO - Shape of data tensor: (53, 300)
2017-08-31 12:51:03,660 - main - INFO - Shape of label tensor: (53, 2)
2017-08-31 12:51:03,661 - main - INFO - [[  0   0   0 ..., 131 110 700]
 [  0   0   0 ...,  23  12  72]
 [  0   0   0 ...,  10 311 532]
 ..., 
 [  0   0   0 ...,  14  27  11]
 [  0   0   0 ..., 830  34 224]
 [  0   0   0 ...,  23  12  72]]
2017-08-31 12:51:03,663 - main - INFO - [[ 0.  1.]
 [ 1.  0.]
 [ 0.  1.]
 [ 0.  1.]
 [ 0.  1.]
 [ 0.  1.]
 [ 0.  1.]
 [ 0.  1.]
 [ 0.  1.]
 [ 0.  1.]
 [ 0.  1.]
 [ 0.  1.]
 [ 0.  1.]
 [ 0.  1.]
 [ 0.  1.]
 [ 0.  1.]
 [ 0.  1.]
 [ 0.  1.]
 [ 0.  1.]
 [ 0.  1.]
 [ 0.  1.]
 [ 0.  1.]
 [ 0.  1.]
 [ 0.  1.]
 [ 0.  1.]
 [ 0.  1.]
 [ 0.  1.]
 [ 0.  1.]
 [ 0.  1.]
 [ 0.  1.]
 [ 0.  1.]
 [ 0.  1.]
 [ 0.  1.]
 [ 0.  1.]
 [ 0.  1.]
 [ 0.  1.]
 [ 0.  1.]
 [ 0.  1.]
 [ 0.  1.]
 [ 0.  1.]
 [ 0.  1.]
 [ 0.  1.]
 [ 0.  1.]
 [ 0.  1.]
 [ 0.  1.]
 [ 0.  1.]
 [ 0.  1.]
 [ 0.  1.]
 [ 0.  1.]
 [ 0.  1.]
 [ 0.  1.]
 [ 0.  1.]
 [ 1.  0.]]
2017-08-31 12:51:03,663 - main - INFO - [[   0    0    0 ...,   38   39   30]
 [   0    0    0 ...,    3   12 1108]
 [   0    0    0 ...,    3   12 1108]
 ..., 
 [   0    0    0 ...,  216 1772 1773]
 [   0    0    0 ...,  274   18    6]
 [   0    0    0 ...,  216 1772 1773]]
2017-08-31 12:51:03,664 - main - INFO - [1, 1, 1, 1, 1, 1, -1, 1, 1, 1, 1, -1, -1, -1, -1, -1, -1, -1, -1, -1, -1, -1, -1, -1, -1, -1, -1, -1, -1, -1, 1, 1, 1, 1, 1, 1, 1, 1, 1, 1, 1, 1, 1, 1, 1, 1, -1, -1, -1, -1, -1, -1, -1, 1, 1, 1, 1, -1, 1, 1, 1, 1, 1, -1, 1, 1, 1, 1, 1, 1, 1, -1, -1, -1, -1, -1, -1, -1, -1, -1, -1, -1, -1, -1, -1, -1, -1, -1, -1, -1, -1, -1, -1, -1, -1, -1, -1, -1, -1, -1, -1, 1, 1, 1, -1, -1, 1, 1, -1, -1, 1, -1, -1, -1, -1, 1, -1, -1, -1, -1, 1, -1, -1, -1, -1, -1, -1, -1, -1, -1, -1, -1, -1, -1, -1, -1, -1, -1, -1, -1, -1, -1, -1, -1, 0, 1, 0, -1, -1, -1, -1, -1, -1, -1, -1, -1, -1, -1, -1, -1, -1, -1, -1, -1, -1, -1, -1, -1, -1, -1, -1, -1, -1, -1, -1, -1, -1, -1, -1, -1]
2017-08-31 12:51:03,664 - main - INFO - save file
2017-08-31 12:51:24,832 - main - INFO - load data
2017-08-31 12:51:24,833 - main - INFO - /home/apple/best/data/middle_files/entity_info
2017-08-31 12:51:27,295 - main - INFO - size: 27237
2017-08-31 12:51:27,296 - main - INFO - senlen: [(4, 4449), (3, 4195), (5, 3822), (6, 3171), (2, 2635), (7, 2524), (8, 1816), (9, 1217), (1, 1213), (10, 738), (11, 430), (12, 222), (0, 192), (13, 146), (14, 120), (24, 103), (25, 102), (28, 56), (15, 42), (18, 32), (17, 4), (26, 3), (19, 2), (23, 2), (30, 1)]
2017-08-31 12:51:27,296 - main - INFO - /home/apple/best/data/middle_files/relation_info
2017-08-31 12:51:30,978 - main - INFO - size: 4216
2017-08-31 12:51:30,978 - main - INFO - senlen: [(4, 644), (5, 568), (6, 563), (3, 527), (7, 453), (8, 388), (2, 301), (9, 233), (10, 154), (1, 137), (11, 88), (12, 39), (25, 24), (24, 21), (13, 17), (14, 16), (28, 13), (0, 12), (15, 9), (18, 7), (17, 1), (26, 1)]
2017-08-31 12:51:30,978 - main - INFO - /home/apple/best/data/middle_files/event_info
2017-08-31 12:51:35,522 - main - INFO - size: 4729
2017-08-31 12:51:35,522 - main - INFO - senlen: [(4, 719), (5, 707), (3, 655), (6, 626), (7, 497), (2, 366), (8, 350), (9, 206), (1, 178), (10, 152), (11, 98), (12, 38), (14, 27), (25, 25), (15, 19), (24, 18), (0, 16), (13, 16), (18, 6), (28, 6), (26, 2), (17, 1), (19, 1)]
2017-08-31 12:51:35,522 - main - INFO - label: 36182   text: 36182
2017-08-31 12:51:36,014 - main - INFO - <type 'list'>
2017-08-31 12:51:36,255 - main - INFO - Found 2170 unique tokens.
2017-08-31 12:51:36,266 - main - INFO - Shape of data tensor: (53, 300)
2017-08-31 12:51:36,266 - main - INFO - Shape of label tensor: (53, 2)
2017-08-31 12:51:36,267 - main - INFO - [[   0    0    0 ...,   10  311  532]
 [   0    0    0 ...,    2   17  433]
 [   0    0    0 ...,  121   11 1774]
 ..., 
 [   0    0    0 ...,   12   72  228]
 [   0    0    0 ...,  143 1365 2037]
 [   0    0    0 ...,    5    1  137]]
2017-08-31 12:51:36,269 - main - INFO - [[ 0.  1.]
 [ 0.  1.]
 [ 0.  1.]
 [ 1.  0.]
 [ 0.  1.]
 [ 0.  1.]
 [ 0.  1.]
 [ 0.  1.]
 [ 0.  1.]
 [ 0.  1.]
 [ 0.  1.]
 [ 0.  1.]
 [ 0.  1.]
 [ 0.  1.]
 [ 0.  1.]
 [ 0.  1.]
 [ 0.  1.]
 [ 0.  1.]
 [ 0.  1.]
 [ 0.  1.]
 [ 0.  1.]
 [ 0.  1.]
 [ 0.  1.]
 [ 0.  1.]
 [ 0.  1.]
 [ 0.  1.]
 [ 0.  1.]
 [ 0.  1.]
 [ 0.  1.]
 [ 0.  1.]
 [ 0.  1.]
 [ 0.  1.]
 [ 0.  1.]
 [ 1.  0.]
 [ 0.  1.]
 [ 0.  1.]
 [ 0.  1.]
 [ 0.  1.]
 [ 0.  1.]
 [ 0.  1.]
 [ 0.  1.]
 [ 0.  1.]
 [ 0.  1.]
 [ 0.  1.]
 [ 0.  1.]
 [ 0.  1.]
 [ 0.  1.]
 [ 0.  1.]
 [ 0.  1.]
 [ 0.  1.]
 [ 0.  1.]
 [ 0.  1.]
 [ 0.  1.]]
2017-08-31 12:51:36,269 - main - INFO - [[   0    0    0 ...,   38   39   30]
 [   0    0    0 ...,    3   12 1108]
 [   0    0    0 ...,    3   12 1108]
 ..., 
 [   0    0    0 ...,  216 1772 1773]
 [   0    0    0 ...,  274   18    6]
 [   0    0    0 ...,  216 1772 1773]]
2017-08-31 12:51:36,270 - main - INFO - [1, 1, 1, 1, 1, 1, -1, 1, 1, 1, 1, -1, -1, -1, -1, -1, -1, -1, -1, -1, -1, -1, -1, -1, -1, -1, -1, -1, -1, -1, 1, 1, 1, 1, 1, 1, 1, 1, 1, 1, 1, 1, 1, 1, 1, 1, -1, -1, -1, -1, -1, -1, -1, 1, 1, 1, 1, -1, 1, 1, 1, 1, 1, -1, 1, 1, 1, 1, 1, 1, 1, -1, -1, -1, -1, -1, -1, -1, -1, -1, -1, -1, -1, -1, -1, -1, -1, -1, -1, -1, -1, -1, -1, -1, -1, -1, -1, -1, -1, -1, -1, 1, 1, 1, -1, -1, 1, 1, -1, -1, 1, -1, -1, -1, -1, 1, -1, -1, -1, -1, 1, -1, -1, -1, -1, -1, -1, -1, -1, -1, -1, -1, -1, -1, -1, -1, -1, -1, -1, -1, -1, -1, -1, -1, 0, 1, 0, -1, -1, -1, -1, -1, -1, -1, -1, -1, -1, -1, -1, -1, -1, -1, -1, -1, -1, -1, -1, -1, -1, -1, -1, -1, -1, -1, -1, -1, -1, -1, -1, -1]
2017-08-31 12:51:36,270 - main - INFO - save file
2017-08-31 12:54:13,239 - main - INFO - load data
2017-08-31 12:54:13,240 - main - INFO - /home/apple/best/data/middle_files/entity_info
2017-08-31 12:54:15,666 - main - INFO - size: 27237
2017-08-31 12:54:15,667 - main - INFO - senlen: [(4, 4449), (3, 4195), (5, 3822), (6, 3171), (2, 2635), (7, 2524), (8, 1816), (9, 1217), (1, 1213), (10, 738), (11, 430), (12, 222), (0, 192), (13, 146), (14, 120), (24, 103), (25, 102), (28, 56), (15, 42), (18, 32), (17, 4), (26, 3), (19, 2), (23, 2), (30, 1)]
2017-08-31 12:54:15,667 - main - INFO - /home/apple/best/data/middle_files/relation_info
2017-08-31 12:54:19,405 - main - INFO - size: 4216
2017-08-31 12:54:19,405 - main - INFO - senlen: [(4, 644), (5, 568), (6, 563), (3, 527), (7, 453), (8, 388), (2, 301), (9, 233), (10, 154), (1, 137), (11, 88), (12, 39), (25, 24), (24, 21), (13, 17), (14, 16), (28, 13), (0, 12), (15, 9), (18, 7), (17, 1), (26, 1)]
2017-08-31 12:54:19,405 - main - INFO - /home/apple/best/data/middle_files/event_info
2017-08-31 12:54:23,975 - main - INFO - size: 4729
2017-08-31 12:54:23,975 - main - INFO - senlen: [(4, 719), (5, 707), (3, 655), (6, 626), (7, 497), (2, 366), (8, 350), (9, 206), (1, 178), (10, 152), (11, 98), (12, 38), (14, 27), (25, 25), (15, 19), (24, 18), (0, 16), (13, 16), (18, 6), (28, 6), (26, 2), (17, 1), (19, 1)]
2017-08-31 12:54:23,975 - main - INFO - label: 36182   text: 36182
2017-08-31 12:54:24,465 - main - INFO - <type 'list'>
2017-08-31 12:54:24,713 - main - INFO - Found 2170 unique tokens.
2017-08-31 12:54:24,725 - main - INFO - Shape of data tensor: (53, 300)
2017-08-31 12:54:24,725 - main - INFO - Shape of label tensor: (53, 2)
2017-08-31 12:54:24,726 - main - INFO - [[   0    0    0 ...,  121   11 1774]
 [   0    0    0 ...,   29  154   57]
 [   0    0    0 ...,  643   14  148]
 ..., 
 [   0    0    0 ...,  643   14  148]
 [   0    0    0 ...,   12   72  228]
 [   0    0    0 ...,    5   25  374]]
2017-08-31 12:54:24,727 - main - INFO - [[ 0.  1.]
 [ 0.  1.]
 [ 0.  1.]
 [ 0.  1.]
 [ 0.  1.]
 [ 0.  1.]
 [ 0.  1.]
 [ 0.  1.]
 [ 0.  1.]
 [ 0.  1.]
 [ 0.  1.]
 [ 0.  1.]
 [ 0.  1.]
 [ 0.  1.]
 [ 0.  1.]
 [ 0.  1.]
 [ 0.  1.]
 [ 0.  1.]
 [ 0.  1.]
 [ 0.  1.]
 [ 0.  1.]
 [ 0.  1.]
 [ 1.  0.]
 [ 1.  0.]
 [ 0.  1.]
 [ 0.  1.]
 [ 0.  1.]
 [ 0.  1.]
 [ 0.  1.]
 [ 0.  1.]
 [ 0.  1.]
 [ 0.  1.]
 [ 0.  1.]
 [ 0.  1.]
 [ 0.  1.]
 [ 0.  1.]
 [ 0.  1.]
 [ 0.  1.]
 [ 0.  1.]
 [ 0.  1.]
 [ 0.  1.]
 [ 0.  1.]
 [ 0.  1.]
 [ 0.  1.]
 [ 0.  1.]
 [ 0.  1.]
 [ 0.  1.]
 [ 0.  1.]
 [ 0.  1.]
 [ 0.  1.]
 [ 0.  1.]
 [ 0.  1.]
 [ 0.  1.]]
2017-08-31 12:54:24,728 - main - INFO - [[   0    0    0 ...,   38   39   30]
 [   0    0    0 ...,    3   12 1108]
 [   0    0    0 ...,    3   12 1108]
 ..., 
 [   0    0    0 ...,  216 1772 1773]
 [   0    0    0 ...,  274   18    6]
 [   0    0    0 ...,  216 1772 1773]]
2017-08-31 12:54:24,728 - main - INFO - [1, 1, 1, 1, 1, 1, -1, 1, 1, 1, 1, -1, -1, -1, -1, -1, -1, -1, -1, -1, -1, -1, -1, -1, -1, -1, -1, -1, -1, -1, 1, 1, 1, 1, 1, 1, 1, 1, 1, 1, 1, 1, 1, 1, 1, 1, -1, -1, -1, -1, -1, -1, -1, 1, 1, 1, 1, -1, 1, 1, 1, 1, 1, -1, 1, 1, 1, 1, 1, 1, 1, -1, -1, -1, -1, -1, -1, -1, -1, -1, -1, -1, -1, -1, -1, -1, -1, -1, -1, -1, -1, -1, -1, -1, -1, -1, -1, -1, -1, -1, -1, 1, 1, 1, -1, -1, 1, 1, -1, -1, 1, -1, -1, -1, -1, 1, -1, -1, -1, -1, 1, -1, -1, -1, -1, -1, -1, -1, -1, -1, -1, -1, -1, -1, -1, -1, -1, -1, -1, -1, -1, -1, -1, -1, 0, 1, 0, -1, -1, -1, -1, -1, -1, -1, -1, -1, -1, -1, -1, -1, -1, -1, -1, -1, -1, -1, -1, -1, -1, -1, -1, -1, -1, -1, -1, -1, -1, -1, -1, -1]
2017-08-31 12:54:24,729 - main - INFO - save file
2017-08-31 12:54:36,314 - main - INFO - load data
2017-08-31 12:54:36,314 - main - INFO - /home/apple/best/data/middle_files/entity_info
2017-08-31 12:54:38,777 - main - INFO - size: 27237
2017-08-31 12:54:38,777 - main - INFO - senlen: [(4, 4449), (3, 4195), (5, 3822), (6, 3171), (2, 2635), (7, 2524), (8, 1816), (9, 1217), (1, 1213), (10, 738), (11, 430), (12, 222), (0, 192), (13, 146), (14, 120), (24, 103), (25, 102), (28, 56), (15, 42), (18, 32), (17, 4), (26, 3), (19, 2), (23, 2), (30, 1)]
2017-08-31 12:54:38,778 - main - INFO - /home/apple/best/data/middle_files/relation_info
2017-08-31 12:54:42,477 - main - INFO - size: 4216
2017-08-31 12:54:42,478 - main - INFO - senlen: [(4, 644), (5, 568), (6, 563), (3, 527), (7, 453), (8, 388), (2, 301), (9, 233), (10, 154), (1, 137), (11, 88), (12, 39), (25, 24), (24, 21), (13, 17), (14, 16), (28, 13), (0, 12), (15, 9), (18, 7), (17, 1), (26, 1)]
2017-08-31 12:54:42,478 - main - INFO - /home/apple/best/data/middle_files/event_info
2017-08-31 12:54:47,008 - main - INFO - size: 4729
2017-08-31 12:54:47,008 - main - INFO - senlen: [(4, 719), (5, 707), (3, 655), (6, 626), (7, 497), (2, 366), (8, 350), (9, 206), (1, 178), (10, 152), (11, 98), (12, 38), (14, 27), (25, 25), (15, 19), (24, 18), (0, 16), (13, 16), (18, 6), (28, 6), (26, 2), (17, 1), (19, 1)]
2017-08-31 12:54:47,008 - main - INFO - label: 36182   text: 36182
2017-08-31 12:54:47,488 - main - INFO - <type 'list'>
2017-08-31 12:54:47,743 - main - INFO - Found 2170 unique tokens.
2017-08-31 12:54:47,755 - main - INFO - Shape of data tensor: (53, 300)
2017-08-31 12:54:47,755 - main - INFO - Shape of label tensor: (53, 2)
2017-08-31 12:54:47,756 - main - INFO - [[  0   0   0 ...,   2  17 433]
 [  0   0   0 ..., 830  34 224]
 [  0   0   0 ...,  99 146  55]
 ..., 
 [  0   0   0 ..., 231  93 298]
 [  0   0   0 ...,   5   1 137]
 [  0   0   0 ..., 131 110 700]]
2017-08-31 12:54:47,758 - main - INFO - [[ 0.  1.]
 [ 0.  1.]
 [ 0.  1.]
 [ 0.  1.]
 [ 0.  1.]
 [ 0.  1.]
 [ 0.  1.]
 [ 0.  1.]
 [ 0.  1.]
 [ 0.  1.]
 [ 0.  1.]
 [ 0.  1.]
 [ 0.  1.]
 [ 0.  1.]
 [ 0.  1.]
 [ 0.  1.]
 [ 0.  1.]
 [ 0.  1.]
 [ 0.  1.]
 [ 0.  1.]
 [ 0.  1.]
 [ 0.  1.]
 [ 0.  1.]
 [ 0.  1.]
 [ 0.  1.]
 [ 0.  1.]
 [ 0.  1.]
 [ 0.  1.]
 [ 0.  1.]
 [ 0.  1.]
 [ 0.  1.]
 [ 0.  1.]
 [ 0.  1.]
 [ 0.  1.]
 [ 0.  1.]
 [ 0.  1.]
 [ 1.  0.]
 [ 0.  1.]
 [ 1.  0.]
 [ 0.  1.]
 [ 0.  1.]
 [ 0.  1.]
 [ 0.  1.]
 [ 0.  1.]
 [ 0.  1.]
 [ 0.  1.]
 [ 0.  1.]
 [ 0.  1.]
 [ 0.  1.]
 [ 0.  1.]
 [ 0.  1.]
 [ 0.  1.]
 [ 0.  1.]]
2017-08-31 12:54:47,758 - main - INFO - [[   0    0    0 ...,   38   39   30]
 [   0    0    0 ...,    3   12 1108]
 [   0    0    0 ...,    3   12 1108]
 ..., 
 [   0    0    0 ...,  216 1772 1773]
 [   0    0    0 ...,  274   18    6]
 [   0    0    0 ...,  216 1772 1773]]
2017-08-31 12:54:47,759 - main - INFO - [1, 1, 1, 1, 1, 1, -1, 1, 1, 1, 1, -1, -1, -1, -1, -1, -1, -1, -1, -1, -1, -1, -1, -1, -1, -1, -1, -1, -1, -1, 1, 1, 1, 1, 1, 1, 1, 1, 1, 1, 1, 1, 1, 1, 1, 1, -1, -1, -1, -1, -1, -1, -1, 1, 1, 1, 1, -1, 1, 1, 1, 1, 1, -1, 1, 1, 1, 1, 1, 1, 1, -1, -1, -1, -1, -1, -1, -1, -1, -1, -1, -1, -1, -1, -1, -1, -1, -1, -1, -1, -1, -1, -1, -1, -1, -1, -1, -1, -1, -1, -1, 1, 1, 1, -1, -1, 1, 1, -1, -1, 1, -1, -1, -1, -1, 1, -1, -1, -1, -1, 1, -1, -1, -1, -1, -1, -1, -1, -1, -1, -1, -1, -1, -1, -1, -1, -1, -1, -1, -1, -1, -1, -1, -1, 0, 1, 0, -1, -1, -1, -1, -1, -1, -1, -1, -1, -1, -1, -1, -1, -1, -1, -1, -1, -1, -1, -1, -1, -1, -1, -1, -1, -1, -1, -1, -1, -1, -1, -1, -1]
2017-08-31 12:54:47,759 - main - INFO - save file
2017-08-31 12:54:47,761 - main - INFO - columns:Index([u'entity_id', u'event_mention_id', u'hopper_id', u'label', u'probs',
       u'rel_arg1_id', u'rel_arg2_id', u'source_id', u'target', u'type'],
      dtype='object')
